# JRE version: Java(TM) SE Runtime Environment (8.0_271-b09) (build 1.8.0_271-b09)
# Java VM: Java HotSpot(TM) 64-Bit Server VM (25.271-b09 mixed mode windows-amd64 compressed oops)
Heap:
 PSYoungGen      total 248832K, used 30364K [0x000000076ae00000, 0x000000077b000000, 0x00000007c0000000)
  eden space 237568K, 12% used [0x000000076ae00000,0x000000076cba7218,0x0000000779600000)
  from space 11264K, 0% used [0x000000077a280000,0x000000077a280000,0x000000077ad80000)
  to   space 12800K, 0% used [0x0000000779600000,0x0000000779600000,0x000000077a280000)
 ParOldGen       total 100352K, used 15877K [0x00000006c0a00000, 0x00000006c6c00000, 0x000000076ae00000)
  object space 100352K, 15% used [0x00000006c0a00000,0x00000006c19814c0,0x00000006c6c00000)
 Metaspace       used 36731K, capacity 39154K, committed 39344K, reserved 1083392K
  class space    used 5070K, capacity 5517K, committed 5552K, reserved 1048576K
GC Heap History (10 events):
Event: 1.740 GC heap before
{Heap before GC invocations=4 (full 1):
 PSYoungGen      total 76288K, used 4980K [0x000000076ae00000, 0x0000000774300000, 0x00000007c0000000)
  eden space 65536K, 0% used [0x000000076ae00000,0x000000076ae00000,0x000000076ee00000)
  from space 10752K, 46% used [0x000000076ee00000,0x000000076f2dd0c0,0x000000076f880000)
  to   space 10752K, 0% used [0x0000000773880000,0x0000000773880000,0x0000000774300000)
 ParOldGen       total 175104K, used 40K [0x00000006c0a00000, 0x00000006cb500000, 0x000000076ae00000)
  object space 175104K, 0% used [0x00000006c0a00000,0x00000006c0a0a000,0x00000006cb500000)
 Metaspace       used 19785K, capacity 21224K, committed 21296K, reserved 1067008K
  class space    used 2526K, capacity 2826K, committed 2864K, reserved 1048576K
Event: 1.764 GC heap after
Heap after GC invocations=4 (full 1):
 PSYoungGen      total 76288K, used 0K [0x000000076ae00000, 0x0000000774300000, 0x00000007c0000000)
  eden space 65536K, 0% used [0x000000076ae00000,0x000000076ae00000,0x000000076ee00000)
  from space 10752K, 0% used [0x000000076ee00000,0x000000076ee00000,0x000000076f880000)
  to   space 10752K, 0% used [0x0000000773880000,0x0000000773880000,0x0000000774300000)
 ParOldGen       total 75264K, used 4870K [0x00000006c0a00000, 0x00000006c5380000, 0x000000076ae00000)
  object space 75264K, 6% used [0x00000006c0a00000,0x00000006c0ec1950,0x00000006c5380000)
 Metaspace       used 19785K, capacity 21224K, committed 21296K, reserved 1067008K
  class space    used 2526K, capacity 2826K, committed 2864K, reserved 1048576K
}
Event: 2.203 GC heap before
{Heap before GC invocations=5 (full 1):
 PSYoungGen      total 76288K, used 65536K [0x000000076ae00000, 0x0000000774300000, 0x00000007c0000000)
  eden space 65536K, 100% used [0x000000076ae00000,0x000000076ee00000,0x000000076ee00000)
  from space 10752K, 0% used [0x000000076ee00000,0x000000076ee00000,0x000000076f880000)
  to   space 10752K, 0% used [0x0000000773880000,0x0000000773880000,0x0000000774300000)
 ParOldGen       total 75264K, used 4870K [0x00000006c0a00000, 0x00000006c5380000, 0x000000076ae00000)
  object space 75264K, 6% used [0x00000006c0a00000,0x00000006c0ec1950,0x00000006c5380000)
 Metaspace       used 22943K, capacity 24560K, committed 24880K, reserved 1071104K
  class space    used 2983K, capacity 3300K, committed 3376K, reserved 1048576K
Event: 2.210 GC heap after
Heap after GC invocations=5 (full 1):
 PSYoungGen      total 133120K, used 7078K [0x000000076ae00000, 0x0000000773f80000, 0x00000007c0000000)
  eden space 125952K, 0% used [0x000000076ae00000,0x000000076ae00000,0x0000000772900000)
  from space 7168K, 98% used [0x0000000773880000,0x0000000773f69800,0x0000000773f80000)
  to   space 10752K, 0% used [0x0000000772a80000,0x0000000772a80000,0x0000000773500000)
 ParOldGen       total 75264K, used 4878K [0x00000006c0a00000, 0x00000006c5380000, 0x000000076ae00000)
  object space 75264K, 6% used [0x00000006c0a00000,0x00000006c0ec3950,0x00000006c5380000)
 Metaspace       used 22943K, capacity 24560K, committed 24880K, reserved 1071104K
  class space    used 2983K, capacity 3300K, committed 3376K, reserved 1048576K
}
Event: 3.004 GC heap before
{Heap before GC invocations=6 (full 1):
 PSYoungGen      total 133120K, used 133030K [0x000000076ae00000, 0x0000000773f80000, 0x00000007c0000000)
  eden space 125952K, 100% used [0x000000076ae00000,0x0000000772900000,0x0000000772900000)
  from space 7168K, 98% used [0x0000000773880000,0x0000000773f69800,0x0000000773f80000)
  to   space 10752K, 0% used [0x0000000772a80000,0x0000000772a80000,0x0000000773500000)
 ParOldGen       total 75264K, used 4878K [0x00000006c0a00000, 0x00000006c5380000, 0x000000076ae00000)
  object space 75264K, 6% used [0x00000006c0a00000,0x00000006c0ec3950,0x00000006c5380000)
 Metaspace       used 27289K, capacity 29322K, committed 29360K, reserved 1075200K
  class space    used 3601K, capacity 3991K, committed 4016K, reserved 1048576K
Event: 3.014 GC heap after
Heap after GC invocations=6 (full 1):
 PSYoungGen      total 138240K, used 9269K [0x000000076ae00000, 0x000000077ad80000, 0x00000007c0000000)
  eden space 127488K, 0% used [0x000000076ae00000,0x000000076ae00000,0x0000000772a80000)
  from space 10752K, 86% used [0x0000000772a80000,0x000000077338d608,0x0000000773500000)
  to   space 11264K, 0% used [0x000000077a280000,0x000000077a280000,0x000000077ad80000)
 ParOldGen       total 75264K, used 4886K [0x00000006c0a00000, 0x00000006c5380000, 0x000000076ae00000)
  object space 75264K, 6% used [0x00000006c0a00000,0x00000006c0ec5950,0x00000006c5380000)
 Metaspace       used 27289K, capacity 29322K, committed 29360K, reserved 1075200K
  class space    used 3601K, capacity 3991K, committed 4016K, reserved 1048576K
}
Event: 3.825 GC heap before
{Heap before GC invocations=7 (full 1):
 PSYoungGen      total 138240K, used 98433K [0x000000076ae00000, 0x000000077ad80000, 0x00000007c0000000)
  eden space 127488K, 69% used [0x000000076ae00000,0x0000000770513108,0x0000000772a80000)
  from space 10752K, 86% used [0x0000000772a80000,0x000000077338d608,0x0000000773500000)
  to   space 11264K, 0% used [0x000000077a280000,0x000000077a280000,0x000000077ad80000)
 ParOldGen       total 75264K, used 4886K [0x00000006c0a00000, 0x00000006c5380000, 0x000000076ae00000)
  object space 75264K, 6% used [0x00000006c0a00000,0x00000006c0ec5950,0x00000006c5380000)
 Metaspace       used 33070K, capacity 35384K, committed 35496K, reserved 1079296K
  class space    used 4423K, capacity 4850K, committed 4912K, reserved 1048576K
Event: 3.833 GC heap after
Heap after GC invocations=7 (full 1):
 PSYoungGen      total 248832K, used 11255K [0x000000076ae00000, 0x000000077b000000, 0x00000007c0000000)
  eden space 237568K, 0% used [0x000000076ae00000,0x000000076ae00000,0x0000000779600000)
  from space 11264K, 99% used [0x000000077a280000,0x000000077ad7ded0,0x000000077ad80000)
  to   space 12800K, 0% used [0x0000000779600000,0x0000000779600000,0x000000077a280000)
 ParOldGen       total 75264K, used 5193K [0x00000006c0a00000, 0x00000006c5380000, 0x000000076ae00000)
  object space 75264K, 6% used [0x00000006c0a00000,0x00000006c0f12548,0x00000006c5380000)
 Metaspace       used 33070K, capacity 35384K, committed 35496K, reserved 1079296K
  class space    used 4423K, capacity 4850K, committed 4912K, reserved 1048576K
}
Event: 3.834 GC heap before
{Heap before GC invocations=8 (full 2):
 PSYoungGen      total 248832K, used 11255K [0x000000076ae00000, 0x000000077b000000, 0x00000007c0000000)
  eden space 237568K, 0% used [0x000000076ae00000,0x000000076ae00000,0x0000000779600000)
  from space 11264K, 99% used [0x000000077a280000,0x000000077ad7ded0,0x000000077ad80000)
  to   space 12800K, 0% used [0x0000000779600000,0x0000000779600000,0x000000077a280000)
 ParOldGen       total 75264K, used 5193K [0x00000006c0a00000, 0x00000006c5380000, 0x000000076ae00000)
  object space 75264K, 6% used [0x00000006c0a00000,0x00000006c0f12548,0x00000006c5380000)
 Metaspace       used 33070K, capacity 35384K, committed 35496K, reserved 1079296K
  class space    used 4423K, capacity 4850K, committed 4912K, reserved 1048576K
Event: 3.895 GC heap after
Heap after GC invocations=8 (full 2):
 PSYoungGen      total 248832K, used 0K [0x000000076ae00000, 0x000000077b000000, 0x00000007c0000000)
  eden space 237568K, 0% used [0x000000076ae00000,0x000000076ae00000,0x0000000779600000)
  from space 11264K, 0% used [0x000000077a280000,0x000000077a280000,0x000000077ad80000)
  to   space 12800K, 0% used [0x0000000779600000,0x0000000779600000,0x000000077a280000)
 ParOldGen       total 100352K, used 15877K [0x00000006c0a00000, 0x00000006c6c00000, 0x000000076ae00000)
  object space 100352K, 15% used [0x00000006c0a00000,0x00000006c19814c0,0x00000006c6c00000)
 Metaspace       used 33070K, capacity 35384K, committed 35496K, reserved 1079296K
  class space    used 4423K, capacity 4850K, committed 4912K, reserved 1048576K
}

